<?xml version="1.0" encoding="UTF-8"?>
<!-- Generated by org.testng.reporters.JUnitXMLReporter -->
<testsuite hostname="RIPLBRD50" ignored="0" name="Test" tests="13" failures="2" timestamp="11 Apr 2018 10:42:39 GMT" time="21.277" errors="0">
  <testcase name="Logins" time="6.226" classname="com.test.automation.UIAutomation.tests.AssessmentCandidateTest"/>
  <testcase name="selctCandidateListPage" time="6.377" classname="com.test.automation.UIAutomation.tests.AssessmentCandidateTest"/>
  <testcase name="selectCandidate" time="0.002" classname="com.test.automation.UIAutomation.tests.AssessmentCandidateTest">
    <skipped/>
  </testcase> <!-- selectCandidate -->
  <testcase name="selectCandidate" time="0.001" classname="com.test.automation.UIAutomation.tests.AssessmentCandidateTest">
    <skipped/>
  </testcase> <!-- selectCandidate -->
  <testcase name="selectCandidate" time="0.024" classname="com.test.automation.UIAutomation.tests.AssessmentCandidateTest">
    <failure type="org.openqa.selenium.NoSuchElementException" message="no such element: Unable to locate element: {&amp;quot;method&amp;quot;:&amp;quot;xpath&amp;quot;,&amp;quot;selector&amp;quot;:&amp;quot;//a[starts-with(text(),&amp;apos;Melissa Tho&amp;apos;)]/parent::div/parent::div/parent::h4/parent::div/preceding-sibling::div//input[@id=&amp;apos;chkselect&amp;apos;]&amp;quot;}
  (Session info: chrome=65.0.3325.181)
  (Driver info: chromedriver=2.36.540470 (e522d04694c7ebea4ba8821272dbef4f9b818c91),platform=Windows NT 6.1.7601 SP1 x86_64) (WARNING: The server did not provide any stacktrace information)
Command duration or timeout: 0 milliseconds
For documentation on this error, please visit: http://seleniumhq.org/exceptions/no_such_element.html
Build info: version: &amp;apos;3.5.3&amp;apos;, revision: &amp;apos;a88d25fe6b&amp;apos;, time: &amp;apos;2017-08-29T12:42:44.417Z&amp;apos;
System info: host: &amp;apos;RIPLBRD50&amp;apos;, ip: &amp;apos;192.168.1.72&amp;apos;, os.name: &amp;apos;Windows 7&amp;apos;, os.arch: &amp;apos;amd64&amp;apos;, os.version: &amp;apos;6.1&amp;apos;, java.version: &amp;apos;1.8.0_111&amp;apos;
Driver info: org.openqa.selenium.remote.RemoteWebDriver
Capabilities [{mobileEmulationEnabled=false, hasTouchScreen=false, platform=XP, acceptSslCerts=false, acceptInsecureCerts=false, webStorageEnabled=true, browserName=chrome, takesScreenshot=true, javascriptEnabled=true, platformName=XP, setWindowRect=true, unexpectedAlertBehaviour=, applicationCacheEnabled=false, rotatable=false, networkConnectionEnabled=false, chrome={chromedriverVersion=2.36.540470 (e522d04694c7ebea4ba8821272dbef4f9b818c91), userDataDir=C:\Users\YOGESH~1\AppData\Local\Temp\scoped_dir4308_19838}, takesHeapSnapshot=true, unhandledPromptBehavior=, pageLoadStrategy=normal, databaseEnabled=false, handlesAlerts=true, version=65.0.3325.181, browserConnectionEnabled=false, nativeEvents=true, webdriver.remote.sessionid=a36dd2f11153877b7e68f5cc12fc7bce, locationContextEnabled=true, cssSelectorsEnabled=true}]
Session ID: a36dd2f11153877b7e68f5cc12fc7bce
*** Element info: {Using=xpath, value=//a[starts-with(text(),&amp;apos;Melissa Tho&amp;apos;)]/parent::div/parent::div/parent::h4/parent::div/preceding-sibling::div//input[@id=&amp;apos;chkselect&amp;apos;]}">
      <![CDATA[org.openqa.selenium.NoSuchElementException: no such element: Unable to locate element: {"method":"xpath","selector":"//a[starts-with(text(),'Melissa Tho')]/parent::div/parent::div/parent::h4/parent::div/preceding-sibling::div//input[@id='chkselect']"}
  (Session info: chrome=65.0.3325.181)
  (Driver info: chromedriver=2.36.540470 (e522d04694c7ebea4ba8821272dbef4f9b818c91),platform=Windows NT 6.1.7601 SP1 x86_64) (WARNING: The server did not provide any stacktrace information)
Command duration or timeout: 0 milliseconds
For documentation on this error, please visit: http://seleniumhq.org/exceptions/no_such_element.html
Build info: version: '3.5.3', revision: 'a88d25fe6b', time: '2017-08-29T12:42:44.417Z'
System info: host: 'RIPLBRD50', ip: '192.168.1.72', os.name: 'Windows 7', os.arch: 'amd64', os.version: '6.1', java.version: '1.8.0_111'
Driver info: org.openqa.selenium.remote.RemoteWebDriver
Capabilities [{mobileEmulationEnabled=false, hasTouchScreen=false, platform=XP, acceptSslCerts=false, acceptInsecureCerts=false, webStorageEnabled=true, browserName=chrome, takesScreenshot=true, javascriptEnabled=true, platformName=XP, setWindowRect=true, unexpectedAlertBehaviour=, applicationCacheEnabled=false, rotatable=false, networkConnectionEnabled=false, chrome={chromedriverVersion=2.36.540470 (e522d04694c7ebea4ba8821272dbef4f9b818c91), userDataDir=C:\Users\YOGESH~1\AppData\Local\Temp\scoped_dir4308_19838}, takesHeapSnapshot=true, unhandledPromptBehavior=, pageLoadStrategy=normal, databaseEnabled=false, handlesAlerts=true, version=65.0.3325.181, browserConnectionEnabled=false, nativeEvents=true, webdriver.remote.sessionid=a36dd2f11153877b7e68f5cc12fc7bce, locationContextEnabled=true, cssSelectorsEnabled=true}]
Session ID: a36dd2f11153877b7e68f5cc12fc7bce
*** Element info: {Using=xpath, value=//a[starts-with(text(),'Melissa Tho')]/parent::div/parent::div/parent::h4/parent::div/preceding-sibling::div//input[@id='chkselect']}
	at org.openqa.selenium.remote.ErrorHandler.createThrowable(ErrorHandler.java:215)
	at org.openqa.selenium.remote.ErrorHandler.throwIfResponseFailed(ErrorHandler.java:167)
	at org.openqa.selenium.remote.http.JsonHttpResponseCodec.reconstructValue(JsonHttpResponseCodec.java:40)
	at org.openqa.selenium.remote.http.AbstractHttpResponseCodec.decode(AbstractHttpResponseCodec.java:82)
	at org.openqa.selenium.remote.http.AbstractHttpResponseCodec.decode(AbstractHttpResponseCodec.java:45)
	at org.openqa.selenium.remote.HttpCommandExecutor.execute(HttpCommandExecutor.java:164)
	at org.openqa.selenium.remote.RemoteWebDriver.execute(RemoteWebDriver.java:646)
	at org.openqa.selenium.remote.RemoteWebDriver.findElement(RemoteWebDriver.java:416)
	at org.openqa.selenium.remote.RemoteWebDriver.findElementByXPath(RemoteWebDriver.java:518)
	at org.openqa.selenium.By$ByXPath.findElement(By.java:361)
	at org.openqa.selenium.remote.RemoteWebDriver.findElement(RemoteWebDriver.java:408)
	at com.test.automation.UIAutomation.uiActions.Candidates.CandidateListPage.getCandidateWithCheckbox(CandidateListPage.java:23)
	at com.test.automation.UIAutomation.tests.AssessmentCandidateTest.selectCandidate(AssessmentCandidateTest.java:81)
	at java.util.concurrent.FutureTask.run(FutureTask.java:266)
	at java.util.concurrent.ThreadPoolExecutor.runWorker(ThreadPoolExecutor.java:1142)
	at java.util.concurrent.ThreadPoolExecutor$Worker.run(ThreadPoolExecutor.java:617)
	at java.lang.Thread.run(Thread.java:745)
... Removed 19 stack frames]]>
    </failure>
  </testcase> <!-- selectCandidate -->
  <testcase name="selectCandidate" time="0.001" classname="com.test.automation.UIAutomation.tests.AssessmentCandidateTest">
    <skipped/>
  </testcase> <!-- selectCandidate -->
  <testcase name="selectCandidate" time="0.001" classname="com.test.automation.UIAutomation.tests.AssessmentCandidateTest">
    <skipped/>
  </testcase> <!-- selectCandidate -->
  <testcase name="selectCandidate" time="0.001" classname="com.test.automation.UIAutomation.tests.AssessmentCandidateTest">
    <skipped/>
  </testcase> <!-- selectCandidate -->
  <testcase name="selectCandidate" time="0.001" classname="com.test.automation.UIAutomation.tests.AssessmentCandidateTest">
    <skipped/>
  </testcase> <!-- selectCandidate -->
  <testcase name="selectCandidate" time="0.001" classname="com.test.automation.UIAutomation.tests.AssessmentCandidateTest">
    <skipped/>
  </testcase> <!-- selectCandidate -->
  <testcase name="selectCandidate" time="0.091" classname="com.test.automation.UIAutomation.tests.AssessmentCandidateTest"/>
  <testcase name="selectCandidate" time="0.054" classname="com.test.automation.UIAutomation.tests.AssessmentCandidateTest"/>
  <testcase name="clickAssignbtn" time="0.09" classname="com.test.automation.UIAutomation.tests.AssessmentCandidateTest">
    <failure type="java.lang.IndexOutOfBoundsException" message="Index: 1, Size: 1">
      <![CDATA[java.lang.IndexOutOfBoundsException: Index: 1, Size: 1
	at java.util.LinkedList.checkElementIndex(LinkedList.java:555)
	at java.util.LinkedList.get(LinkedList.java:476)
	at com.test.automation.UIAutomation.helper.BrowserHelper.SwitchToWindow(BrowserHelper.java:46)
	at com.test.automation.UIAutomation.tests.AssessmentCandidateTest.clickAssignbtn(AssessmentCandidateTest.java:89)
	at java.util.concurrent.FutureTask.run(FutureTask.java:266)
	at java.util.concurrent.ThreadPoolExecutor.runWorker(ThreadPoolExecutor.java:1142)
	at java.util.concurrent.ThreadPoolExecutor$Worker.run(ThreadPoolExecutor.java:617)
	at java.lang.Thread.run(Thread.java:745)
... Removed 16 stack frames]]>
    </failure>
  </testcase> <!-- clickAssignbtn -->
</testsuite> <!-- Test -->
