<?xml version="1.0" encoding="UTF-8"?>
<!-- Generated by org.testng.reporters.JUnitXMLReporter -->
<testsuite hostname="RIPLBRD50" ignored="0" name="CandidateLifeCycle" tests="9" failures="1" timestamp="03 Apr 2018 10:09:46 GMT" time="543.387" errors="0">
  <testcase name="login" time="60.872" classname="com.test.automation.UIAutomation.tests.CandidateCycle"/>
  <testcase name="selectMatches" time="0.306" classname="com.test.automation.UIAutomation.tests.CandidateCycle"/>
  <testcase name="AddCandidateReferences" time="66.342" classname="com.test.automation.UIAutomation.tests.CandidateCycle">
    <failure type="org.openqa.selenium.TimeoutException" message="Expected condition failed: waiting for presence of element located by: By.xpath: //a[contains(text(),&amp;apos;Shola Ward&amp;apos;)] (tried for 60 second(s) with 5 SECONDS interval)">
      <![CDATA[org.openqa.selenium.TimeoutException: Expected condition failed: waiting for presence of element located by: By.xpath: //a[contains(text(),'Shola Ward')] (tried for 60 second(s) with 5 SECONDS interval)
	at org.openqa.selenium.support.ui.FluentWait.timeoutException(FluentWait.java:264)
	at org.openqa.selenium.support.ui.FluentWait.until(FluentWait.java:232)
	at com.test.automation.UIAutomation.testBase.TestBase.waitElement(TestBase.java:460)
	at com.test.automation.UIAutomation.uiActions.RequirementsLifeCycle.RequirmentLifeCycle.selectCandidate(RequirmentLifeCycle.java:14)
	at com.test.automation.UIAutomation.tests.CandidateCycle.AddCandidateReferences(CandidateCycle.java:82)
Caused by: org.openqa.selenium.NoSuchElementException: Cannot locate an element using By.xpath: //a[contains(text(),'Shola Ward')]
For documentation on this error, please visit: http://seleniumhq.org/exceptions/no_such_element.html
Build info: version: '3.5.3', revision: 'a88d25fe6b', time: '2017-08-29T12:42:44.417Z'
System info: host: 'RIPLBRD50', ip: '192.168.1.72', os.name: 'Windows 7', os.arch: 'amd64', os.version: '6.1', java.version: '1.8.0_111'
Driver info: driver.version: unknown
	at org.openqa.selenium.support.ui.ExpectedConditions.lambda$findElement$0(ExpectedConditions.java:883)
	at java.util.Optional.orElseThrow(Optional.java:290)
	at org.openqa.selenium.support.ui.ExpectedConditions.findElement(ExpectedConditions.java:882)
	at org.openqa.selenium.support.ui.ExpectedConditions.access$000(ExpectedConditions.java:44)
	at org.openqa.selenium.support.ui.ExpectedConditions$6.apply(ExpectedConditions.java:183)
	at org.openqa.selenium.support.ui.ExpectedConditions$6.apply(ExpectedConditions.java:180)
	at org.openqa.selenium.support.ui.FluentWait.until(FluentWait.java:209)
	... 28 more
... Removed 25 stack frames]]>
    </failure>
  </testcase> <!-- AddCandidateReferences -->
  <testcase name="assessment" time="69.356" classname="com.test.automation.UIAutomation.tests.CandidateCycle"/>
  <testcase name="prospective" time="69.345" classname="com.test.automation.UIAutomation.tests.CandidateCycle"/>
  <testcase name="submission" time="69.389" classname="com.test.automation.UIAutomation.tests.CandidateCycle"/>
  <testcase name="shortlisted" time="66.349" classname="com.test.automation.UIAutomation.tests.CandidateCycle"/>
  <testcase name="interview" time="69.361" classname="com.test.automation.UIAutomation.tests.CandidateCycle"/>
  <testcase name="offerRecived" time="69.358" classname="com.test.automation.UIAutomation.tests.CandidateCycle"/>
</testsuite> <!-- CandidateLifeCycle -->
