<?xml version="1.0" encoding="UTF-8"?>
<!-- Generated by org.testng.reporters.JUnitReportReporter -->
<testsuite name="com.test.automation.UIAutomation.tests.DashboardAdminHeaderTest" tests="5" time="42.332" ignored="0" failures="0" timestamp="11 Apr 2018 11:33:39 GMT" skipped="0" hostname="RIPLBRD50" errors="1">
  <testcase name="close" time="0.000" classname="com.test.automation.UIAutomation.tests.DashboardAdminHeaderTest">
    <error type="org.openqa.selenium.SessionNotCreatedException" message="Tried to run command without establishing a connection
Build info: version: &#039;3.5.3&#039;, revision: &#039;a88d25fe6b&#039;, time: &#039;2017-08-29T12:42:44.417Z&#039;
System info: host: &#039;RIPLBRD50&#039;, ip: &#039;192.168.1.72&#039;, os.name: &#039;Windows 7&#039;, os.arch: &#039;amd64&#039;, os.version: &#039;6.1&#039;, java.version: &#039;1.8.0_111&#039;
Driver info: org.openqa.selenium.remote.RemoteWebDriver
Capabilities [{moz:profile=C:\Users\YOGESH~1\AppData\Local\Temp\rust_mozprofile.cuy2ykFp4zoK, rotatable=false, timeouts={implicit=0, pageLoad=300000, script=30000}, pageLoadStrategy=normal, platform=XP, specificationLevel=0, moz:accessibilityChecks=false, webdriver.remote.sessionid=d0fcd1a0-1138-4670-b77f-233b0358bbb3, acceptInsecureCerts=false, browserVersion=55.0, platformVersion=6.1, moz:processID=1324, browserName=firefox, javascriptEnabled=true, platformName=XP}]
Session ID: d0fcd1a0-1138-4670-b77f-233b0358bbb3">
      <![CDATA[org.openqa.selenium.SessionNotCreatedException: Tried to run command without establishing a connection
Build info: version: '3.5.3', revision: 'a88d25fe6b', time: '2017-08-29T12:42:44.417Z'
System info: host: 'RIPLBRD50', ip: '192.168.1.72', os.name: 'Windows 7', os.arch: 'amd64', os.version: '6.1', java.version: '1.8.0_111'
Driver info: org.openqa.selenium.remote.RemoteWebDriver
Capabilities [{moz:profile=C:\Users\YOGESH~1\AppData\Local\Temp\rust_mozprofile.cuy2ykFp4zoK, rotatable=false, timeouts={implicit=0, pageLoad=300000, script=30000}, pageLoadStrategy=normal, platform=XP, specificationLevel=0, moz:accessibilityChecks=false, webdriver.remote.sessionid=d0fcd1a0-1138-4670-b77f-233b0358bbb3, acceptInsecureCerts=false, browserVersion=55.0, platformVersion=6.1, moz:processID=1324, browserName=firefox, javascriptEnabled=true, platformName=XP}]
Session ID: d0fcd1a0-1138-4670-b77f-233b0358bbb3
	at sun.reflect.NativeConstructorAccessorImpl.newInstance0(Native Method)
	at sun.reflect.NativeConstructorAccessorImpl.newInstance(NativeConstructorAccessorImpl.java:62)
	at sun.reflect.DelegatingConstructorAccessorImpl.newInstance(DelegatingConstructorAccessorImpl.java:45)
	at java.lang.reflect.Constructor.newInstance(Constructor.java:423)
	at org.openqa.selenium.remote.http.W3CHttpResponseCodec.createException(W3CHttpResponseCodec.java:185)
	at org.openqa.selenium.remote.http.W3CHttpResponseCodec.decode(W3CHttpResponseCodec.java:120)
	at org.openqa.selenium.remote.http.W3CHttpResponseCodec.decode(W3CHttpResponseCodec.java:49)
	at org.openqa.selenium.remote.HttpCommandExecutor.execute(HttpCommandExecutor.java:164)
	at org.openqa.selenium.remote.RemoteWebDriver.execute(RemoteWebDriver.java:646)
	at org.openqa.selenium.remote.RemoteWebDriver.execute(RemoteWebDriver.java:703)
	at org.openqa.selenium.remote.RemoteWebDriver.quit(RemoteWebDriver.java:542)
	at com.test.automation.UIAutomation.testBase.TestBase.close(TestBase.java:450)
	at sun.reflect.NativeMethodAccessorImpl.invoke0(Native Method)
	at sun.reflect.NativeMethodAccessorImpl.invoke(NativeMethodAccessorImpl.java:62)
	at sun.reflect.DelegatingMethodAccessorImpl.invoke(DelegatingMethodAccessorImpl.java:43)
	at java.lang.reflect.Method.invoke(Method.java:498)
	at org.testng.internal.MethodInvocationHelper.invokeMethod(MethodInvocationHelper.java:104)
	at org.testng.internal.Invoker.invokeConfigurationMethod(Invoker.java:515)
	at org.testng.internal.Invoker.invokeConfigurations(Invoker.java:217)
	at org.testng.internal.Invoker.invokeConfigurations(Invoker.java:144)
	at org.testng.SuiteRunner.privateRun(SuiteRunner.java:357)
	at org.testng.SuiteRunner.run(SuiteRunner.java:289)
	at org.testng.SuiteRunnerWorker.runSuite(SuiteRunnerWorker.java:52)
	at org.testng.SuiteRunnerWorker.run(SuiteRunnerWorker.java:86)
	at org.testng.TestNG.runSuitesSequentially(TestNG.java:1293)
	at org.testng.TestNG.runSuitesSequentially(TestNG.java:1289)
	at org.testng.TestNG.runSuitesLocally(TestNG.java:1218)
	at org.testng.TestNG.runSuites(TestNG.java:1133)
	at org.testng.TestNG.run(TestNG.java:1104)
	at org.testng.remote.AbstractRemoteTestNG.run(AbstractRemoteTestNG.java:126)
	at org.testng.remote.RemoteTestNG.initAndRun(RemoteTestNG.java:152)
	at org.testng.remote.RemoteTestNG.main(RemoteTestNG.java:57)
]]>
    </error>
  </testcase> <!-- close -->
  <testcase name="selctDashboardPage" time="0.878" classname="com.test.automation.UIAutomation.tests.DashboardAdminHeaderTest"/>
  <testcase name="Logins" time="7.788" classname="com.test.automation.UIAutomation.tests.DashboardAdminHeaderTest"/>
  <testcase name="exportReport" time="31.496" classname="com.test.automation.UIAutomation.tests.DashboardAdminHeaderTest"/>
  <testcase name="selectHeader" time="2.170" classname="com.test.automation.UIAutomation.tests.DashboardAdminHeaderTest"/>
</testsuite> <!-- com.test.automation.UIAutomation.tests.DashboardAdminHeaderTest -->
